<?xml version="1.0" encoding="UTF-8"?>
<!-- Generated by org.testng.reporters.JUnitReportReporter -->
<testsuite name="com.orange.hrm.runner.runner" tests="2" time="82.751" ignored="0" failures="0" timestamp="28 Nov 2018 14:45:58 GMT" skipped="0" hostname="NIBEDITASAHOO" errors="0">
  <testcase name="feature" time="54.353" classname="com.orange.hrm.runner.runner"/>
  <testcase name="feature" time="28.398" classname="com.orange.hrm.runner.runner"/>
</testsuite> <!-- com.orange.hrm.runner.runner -->
